[
  {
    "level": "INFO",
    "message": "android.ndkVersion from module build.gradle is 21.0.6113669"
  },
  {
    "level": "INFO",
    "message": "ndk.dir in local.properties is /home/andrea/Android/Sdk/ndk/21.0.6113669"
  },
  {
    "level": "INFO",
    "message": "ANDROID_NDK_HOME environment variable is not set"
  },
  {
    "level": "INFO",
    "message": "sdkFolder is /home/andrea/Android/Sdk"
  },
  {
    "level": "INFO",
    "message": "Considering /home/andrea/Android/Sdk/ndk/21.0.6113669 by ndk.dir"
  },
  {
    "level": "INFO",
    "message": "Considering /home/andrea/Android/Sdk/ndk-bundle in SDK ndk-bundle folder"
  },
  {
    "level": "INFO",
    "message": "Considering /home/andrea/Android/Sdk/ndk/21.0.6113669 in SDK ndk folder"
  },
  {
    "level": "INFO",
    "message": "Rejected /home/andrea/Android/Sdk/ndk-bundle in SDK ndk-bundle folder because that location has no source.properties"
  },
  {
    "level": "INFO",
    "message": "Choosing /home/andrea/Android/Sdk/ndk/21.0.6113669 from ndk.dir which had the requested version 21.0.6113669"
  }
]